-------------------------------------------------------------------------------
Test set: com.leonlabs.search.repository.CityRepositoryTests
-------------------------------------------------------------------------------
Tests run: 1, Failures: 0, Errors: 1, Skipped: 0, Time elapsed: 7.555 sec <<< FAILURE! - in com.leonlabs.search.repository.CityRepositoryTests
findByName(com.leonlabs.search.repository.CityRepositoryTests)  Time elapsed: 0.256 sec  <<< ERROR!
org.springframework.data.solr.UncategorizedSolrException: Error from server at http://localhost:8983/solr/solr: Expected mime type application/octet-stream but got text/html. <html>
<head>
<meta http-equiv="Content-Type" content="text/html;charset=utf-8"/>
<title>Error 404 Not Found</title>
</head>
<body><h2>HTTP ERROR 404</h2>
<p>Problem accessing /solr/solr/solr/select. Reason:
<pre>    Not Found</pre></p>
</body>
</html>
; nested exception is org.apache.solr.client.solrj.impl.HttpSolrClient$RemoteSolrException: Error from server at http://localhost:8983/solr/solr: Expected mime type application/octet-stream but got text/html. <html>
<head>
<meta http-equiv="Content-Type" content="text/html;charset=utf-8"/>
<title>Error 404 Not Found</title>
</head>
<body><h2>HTTP ERROR 404</h2>
<p>Problem accessing /solr/solr/solr/select. Reason:
<pre>    Not Found</pre></p>
</body>
</html>

	at org.apache.solr.client.solrj.impl.HttpSolrClient.executeMethod(HttpSolrClient.java:545)
	at org.apache.solr.client.solrj.impl.HttpSolrClient.request(HttpSolrClient.java:241)
	at org.apache.solr.client.solrj.impl.HttpSolrClient.request(HttpSolrClient.java:230)
	at org.apache.solr.client.solrj.SolrRequest.process(SolrRequest.java:149)
	at org.apache.solr.client.solrj.SolrClient.query(SolrClient.java:974)
	at org.springframework.data.solr.core.SolrTemplate$13.doInSolr(SolrTemplate.java:1043)
	at org.springframework.data.solr.core.SolrTemplate$13.doInSolr(SolrTemplate.java:1039)
	at org.springframework.data.solr.core.SolrTemplate.execute(SolrTemplate.java:220)
	at org.springframework.data.solr.core.SolrTemplate.executeSolrQuery(SolrTemplate.java:1039)
	at org.springframework.data.solr.core.SolrTemplate.querySolr(SolrTemplate.java:1023)
	at org.springframework.data.solr.core.SolrTemplate.queryForObject(SolrTemplate.java:600)
	at org.springframework.data.solr.core.SolrTemplate.queryForObject(SolrTemplate.java:587)
	at org.springframework.data.solr.core.SolrTemplate.queryForObject(SolrTemplate.java:570)
	at org.springframework.data.solr.repository.support.SimpleSolrRepository.findOne(SimpleSolrRepository.java:97)
	at sun.reflect.NativeMethodAccessorImpl.invoke0(Native Method)
	at sun.reflect.NativeMethodAccessorImpl.invoke(NativeMethodAccessorImpl.java:62)
	at sun.reflect.DelegatingMethodAccessorImpl.invoke(DelegatingMethodAccessorImpl.java:43)
	at java.lang.reflect.Method.invoke(Method.java:498)
	at org.springframework.data.repository.core.support.RepositoryFactorySupport$QueryExecutorMethodInterceptor.executeMethodOn(RepositoryFactorySupport.java:504)
	at org.springframework.data.repository.core.support.RepositoryFactorySupport$QueryExecutorMethodInterceptor.doInvoke(RepositoryFactorySupport.java:489)
	at org.springframework.data.repository.core.support.RepositoryFactorySupport$QueryExecutorMethodInterceptor.invoke(RepositoryFactorySupport.java:461)
	at org.springframework.aop.framework.ReflectiveMethodInvocation.proceed(ReflectiveMethodInvocation.java:179)
	at org.springframework.data.projection.DefaultMethodInvokingMethodInterceptor.invoke(DefaultMethodInvokingMethodInterceptor.java:56)
	at org.springframework.aop.framework.ReflectiveMethodInvocation.proceed(ReflectiveMethodInvocation.java:179)
	at org.springframework.transaction.interceptor.TransactionInterceptor$1.proceedWithInvocation(TransactionInterceptor.java:99)
	at org.springframework.transaction.interceptor.TransactionAspectSupport.invokeWithinTransaction(TransactionAspectSupport.java:282)
	at org.springframework.transaction.interceptor.TransactionInterceptor.invoke(TransactionInterceptor.java:96)
	at org.springframework.aop.framework.ReflectiveMethodInvocation.proceed(ReflectiveMethodInvocation.java:179)
	at org.springframework.dao.support.PersistenceExceptionTranslationInterceptor.invoke(PersistenceExceptionTranslationInterceptor.java:136)
	at org.springframework.aop.framework.ReflectiveMethodInvocation.proceed(ReflectiveMethodInvocation.java:179)
	at org.springframework.aop.interceptor.ExposeInvocationInterceptor.invoke(ExposeInvocationInterceptor.java:92)
	at org.springframework.aop.framework.ReflectiveMethodInvocation.proceed(ReflectiveMethodInvocation.java:179)
	at org.springframework.data.repository.core.support.SurroundingTransactionDetectorMethodInterceptor.invoke(SurroundingTransactionDetectorMethodInterceptor.java:57)
	at org.springframework.aop.framework.ReflectiveMethodInvocation.proceed(ReflectiveMethodInvocation.java:179)
	at org.springframework.aop.framework.JdkDynamicAopProxy.invoke(JdkDynamicAopProxy.java:213)
	at com.sun.proxy.$Proxy94.findOne(Unknown Source)
	at com.leonlabs.search.repository.CityRepositoryTests.createSampleData(CityRepositoryTests.java:44)
	at com.leonlabs.search.repository.CityRepositoryTests.before(CityRepositoryTests.java:32)

